c:\users\stanky\source\repos\dissertation\progen\x64\debug\vc141.pdb
c:\users\stanky\source\repos\dissertation\progen\x64\debug\vc141.idb
c:\users\stanky\source\repos\dissertation\progen\x64\debug\agentclass.obj
c:\users\stanky\source\repos\dissertation\progen\x64\debug\cameraclass.obj
c:\users\stanky\source\repos\dissertation\progen\x64\debug\colorshaderclass.obj
c:\users\stanky\source\repos\dissertation\progen\x64\debug\d3dclass.obj
c:\users\stanky\source\repos\dissertation\progen\x64\debug\graphicsclass.obj
c:\users\stanky\source\repos\dissertation\progen\x64\debug\gridcreationclass.obj
c:\users\stanky\source\repos\dissertation\progen\x64\debug\inputclass.obj
c:\users\stanky\source\repos\dissertation\progen\x64\debug\main.obj
c:\users\stanky\source\repos\dissertation\progen\x64\debug\modelclass.obj
c:\users\stanky\source\repos\dissertation\progen\x64\debug\perlinnoise.obj
c:\users\stanky\source\repos\dissertation\progen\x64\debug\resourcecreationclass.obj
c:\users\stanky\source\repos\dissertation\progen\x64\debug\systemclass.obj
c:\users\stanky\source\repos\dissertation\progen\x64\debug\textureclass.obj
c:\users\stanky\source\repos\dissertation\x64\debug\texture.cso
c:\users\stanky\source\repos\dissertation\x64\debug\ctp.exe
c:\users\stanky\source\repos\dissertation\x64\debug\ctp.ilk
c:\users\stanky\source\repos\dissertation\x64\debug\ctp.pdb
c:\users\stanky\source\repos\dissertation\progen\x64\debug\ctp.tlog\cl.command.1.tlog
c:\users\stanky\source\repos\dissertation\progen\x64\debug\ctp.tlog\cl.read.1.tlog
c:\users\stanky\source\repos\dissertation\progen\x64\debug\ctp.tlog\cl.write.1.tlog
c:\users\stanky\source\repos\dissertation\progen\x64\debug\ctp.tlog\ctp.write.1u.tlog
c:\users\stanky\source\repos\dissertation\progen\x64\debug\ctp.tlog\link.command.1.tlog
c:\users\stanky\source\repos\dissertation\progen\x64\debug\ctp.tlog\link.read.1.tlog
c:\users\stanky\source\repos\dissertation\progen\x64\debug\ctp.tlog\link.write.1.tlog
