c:\users\stanky\source\repos\progen\progen\x64\debug\vc141.pdb
c:\users\stanky\source\repos\progen\progen\x64\debug\vc141.idb
c:\users\stanky\source\repos\progen\progen\x64\debug\graphicsclass.obj
c:\users\stanky\source\repos\progen\progen\x64\debug\inputclass.obj
c:\users\stanky\source\repos\progen\progen\x64\debug\systemclass.obj
c:\users\stanky\source\repos\progen\progen\x64\debug\main.obj
c:\users\stanky\source\repos\progen\progen\x64\debug\d3dclass.obj
c:\users\stanky\source\repos\progen\progen\x64\debug\cameraclass.obj
c:\users\stanky\source\repos\progen\progen\x64\debug\modelclass.obj
c:\users\stanky\source\repos\progen\progen\x64\debug\colorshaderclass.obj
c:\users\stanky\source\repos\progen\progen\x64\debug\textureclass.obj
c:\users\stanky\source\repos\progen\x64\debug\colorps.cso
c:\users\stanky\source\repos\progen\x64\debug\colorvs.cso
c:\users\stanky\source\repos\progen\x64\debug\texture.cso
c:\users\stanky\source\repos\progen\x64\debug\progen.exe
c:\users\stanky\source\repos\progen\x64\debug\progen.ilk
c:\users\stanky\source\repos\progen\x64\debug\progen.pdb
c:\users\stanky\source\repos\progen\x64\debug\color.cso
c:\users\stanky\source\repos\progen\progen\x64\debug\progen.tlog\cl.command.1.tlog
c:\users\stanky\source\repos\progen\progen\x64\debug\progen.tlog\cl.read.1.tlog
c:\users\stanky\source\repos\progen\progen\x64\debug\progen.tlog\cl.write.1.tlog
c:\users\stanky\source\repos\progen\progen\x64\debug\progen.tlog\fxc.command.1.tlog
c:\users\stanky\source\repos\progen\progen\x64\debug\progen.tlog\fxc.read.1.tlog
c:\users\stanky\source\repos\progen\progen\x64\debug\progen.tlog\fxc.write.1.tlog
c:\users\stanky\source\repos\progen\progen\x64\debug\progen.tlog\link.command.1.tlog
c:\users\stanky\source\repos\progen\progen\x64\debug\progen.tlog\link.read.1.tlog
c:\users\stanky\source\repos\progen\progen\x64\debug\progen.tlog\link.write.1.tlog
c:\users\stanky\source\repos\progen\progen\x64\debug\progen.tlog\progen.write.1u.tlog
